Current working directory: /home/david/Experimenting/Image_Gallery/photo-gallery/server
Script location: /home/david/Experimenting/Image_Gallery/photo-gallery/server
[2025-04-09T06:00:01.648Z] Starting scheduled backup...
Backup created: /home/david/Experimenting/Image_Gallery/photo-gallery/server/backups/2025-04-09T06-00-01-649Z_scheduled.zip (5973041 bytes)
[2025-04-09T06:00:01.896Z] Backup created successfully: /home/david/Experimenting/Image_Gallery/photo-gallery/server/backups/2025-04-09T06-00-01-649Z_scheduled.zip
[2025-04-09T06:00:01.897Z] Scheduled backup completed successfully
Current working directory: /home/david/Experimenting/Image_Gallery/photo-gallery/server
Script location: /home/david/Experimenting/Image_Gallery/photo-gallery/server
[2025-04-10T06:00:01.568Z] Starting scheduled backup...
Backup created: /home/david/Experimenting/Image_Gallery/photo-gallery/server/backups/2025-04-10T06-00-01-568Z_scheduled.zip (5973041 bytes)
[2025-04-10T06:00:02.104Z] Backup created successfully: /home/david/Experimenting/Image_Gallery/photo-gallery/server/backups/2025-04-10T06-00-01-568Z_scheduled.zip
[2025-04-10T06:00:02.116Z] Scheduled backup completed successfully
Current working directory: /home/david/Experimenting/Image_Gallery/photo-gallery/server
Script location: /home/david/Experimenting/Image_Gallery/photo-gallery/server
[2025-04-11T06:00:01.605Z] Starting scheduled backup...
Backup created: /home/david/Experimenting/Image_Gallery/photo-gallery/server/backups/2025-04-11T06-00-01-606Z_scheduled.zip (5973041 bytes)
[2025-04-11T06:00:02.252Z] Backup created successfully: /home/david/Experimenting/Image_Gallery/photo-gallery/server/backups/2025-04-11T06-00-01-606Z_scheduled.zip
[2025-04-11T06:00:02.255Z] Scheduled backup completed successfully
Current working directory: /home/david/Experimenting/Image_Gallery/photo-gallery/server
Script location: /home/david/Experimenting/Image_Gallery/photo-gallery/server
[2025-04-12T06:00:01.414Z] Starting scheduled backup...
Backup created: /home/david/Experimenting/Image_Gallery/photo-gallery/server/backups/2025-04-12T06-00-01-415Z_scheduled.zip (5973041 bytes)
[2025-04-12T06:00:02.032Z] Backup created successfully: /home/david/Experimenting/Image_Gallery/photo-gallery/server/backups/2025-04-12T06-00-01-415Z_scheduled.zip
[2025-04-12T06:00:02.035Z] Scheduled backup completed successfully
Current working directory: /home/david/Experimenting/Image_Gallery/photo-gallery/server
Script location: /home/david/Experimenting/Image_Gallery/photo-gallery/server
[2025-04-13T06:00:01.947Z] Starting scheduled backup...
Backup created: /home/david/Experimenting/Image_Gallery/photo-gallery/server/backups/2025-04-13T06-00-01-975Z_scheduled.zip (5973041 bytes)
[2025-04-13T06:00:02.233Z] Backup created successfully: /home/david/Experimenting/Image_Gallery/photo-gallery/server/backups/2025-04-13T06-00-01-975Z_scheduled.zip
[2025-04-13T06:00:02.234Z] Scheduled backup completed successfully
Current working directory: /home/david/Experimenting/Image_Gallery/photo-gallery/server
Script location: /home/david/Experimenting/Image_Gallery/photo-gallery/server
[2025-04-14T06:00:01.662Z] Starting scheduled backup...
Backup created: /home/david/Experimenting/Image_Gallery/photo-gallery/server/backups/2025-04-14T06-00-01-663Z_scheduled.zip (5973041 bytes)
[2025-04-14T06:00:01.934Z] Backup created successfully: /home/david/Experimenting/Image_Gallery/photo-gallery/server/backups/2025-04-14T06-00-01-663Z_scheduled.zip
[2025-04-14T06:00:01.937Z] Scheduled backup completed successfully
Current working directory: /home/david/Experimenting/Image_Gallery/photo-gallery/server
Script location: /home/david/Experimenting/Image_Gallery/photo-gallery/server
[2025-04-15T06:00:01.625Z] Starting scheduled backup...
Backup created: /home/david/Experimenting/Image_Gallery/photo-gallery/server/backups/2025-04-15T06-00-01-626Z_scheduled.zip (5973041 bytes)
[2025-04-15T06:00:02.164Z] Backup created successfully: /home/david/Experimenting/Image_Gallery/photo-gallery/server/backups/2025-04-15T06-00-01-626Z_scheduled.zip
[2025-04-15T06:00:02.177Z] Scheduled backup completed successfully
