0 verbose cli /home/david/.nvm/versions/node/v23.11.0/bin/node /home/david/.nvm/versions/node/v23.11.0/bin/npm
1 info using npm@11.2.0
2 info using node@v23.11.0
3 silly config load:file:/home/david/.nvm/versions/node/v23.11.0/lib/node_modules/npm/npmrc
4 silly config load:file:/home/david/Experimenting/Image_Gallery/photo-gallery/server/.npmrc
5 silly config load:file:/home/david/.npmrc
6 silly config load:file:/home/david/.nvm/versions/node/v23.11.0/etc/npmrc
7 verbose title npm run add-sample-images.sh
8 verbose argv "run" "add-sample-images.sh"
9 verbose logfile logs-max:10 dir:/home/david/.npm/_logs/2025-04-08T06_07_11_848Z-
10 verbose logfile /home/david/.npm/_logs/2025-04-08T06_07_11_848Z-debug-0.log
11 silly logfile start cleaning logs, removing 1 files
12 silly logfile done cleaning log files
13 verbose stack Error: Missing script: "add-sample-images.sh"
13 verbose stack
13 verbose stack Did you mean this?
13 verbose stack   npm run add-sample-images # run the "add-sample-images" package script
13 verbose stack
13 verbose stack To see a list of scripts, run:
13 verbose stack   npm run
13 verbose stack     at #run (/home/david/.nvm/versions/node/v23.11.0/lib/node_modules/npm/lib/commands/run-script.js:111:13)
13 verbose stack     at async RunScript.exec (/home/david/.nvm/versions/node/v23.11.0/lib/node_modules/npm/lib/commands/run-script.js:40:7)
13 verbose stack     at async Npm.exec (/home/david/.nvm/versions/node/v23.11.0/lib/node_modules/npm/lib/npm.js:208:9)
13 verbose stack     at async module.exports (/home/david/.nvm/versions/node/v23.11.0/lib/node_modules/npm/lib/cli/entry.js:67:5)
14 error Missing script: "add-sample-images.sh"
14 error
14 error Did you mean this?
14 error   npm run add-sample-images # run the "add-sample-images" package script
14 error
14 error To see a list of scripts, run:
14 error   npm run
15 verbose cwd /home/david/Experimenting/Image_Gallery/photo-gallery/server
16 verbose os Linux 6.11.0-21-generic
17 verbose node v23.11.0
18 verbose npm  v11.2.0
19 verbose exit 1
20 verbose code 1
21 error A complete log of this run can be found in: /home/david/.npm/_logs/2025-04-08T06_07_11_848Z-debug-0.log
